{
  "RSpec": {
    "coverage": {
      "/Users/CheeseFry/workspace/tiy-assignments/teachingtool/config/environment.rb": [
        null,
        1,
        null,
        null,
        1
      ],
      "/Users/CheeseFry/workspace/tiy-assignments/teachingtool/config/application.rb": [
        1,
        null,
        1,
        null,
        null,
        null,
        1,
        null,
        1,
        1,
        null,
        null,
        null,
        null,
        null,
        null,
        null,
        null,
        null,
        null,
        null,
        null,
        null,
        1,
        null,
        null
      ],
      "/Users/CheeseFry/workspace/tiy-assignments/teachingtool/config/boot.rb": [
        1,
        null,
        1
      ],
      "/Users/CheeseFry/workspace/tiy-assignments/teachingtool/config/environments/test.rb": [
        1,
        null,
        null,
        null,
        null,
        null,
        null,
        1,
        null,
        null,
        null,
        null,
        1,
        null,
        null,
        1,
        1,
        null,
        null,
        1,
        1,
        null,
        null,
        1,
        null,
        null,
        1,
        null,
        null,
        null,
        null,
        1,
        null,
        null,
        1,
        null,
        null,
        1,
        null,
        null,
        null,
        null
      ],
      "/Users/CheeseFry/workspace/tiy-assignments/teachingtool/config/initializers/assets.rb": [
        null,
        null,
        null,
        1,
        null,
        null,
        null,
        null,
        null,
        null,
        null
      ],
      "/Users/CheeseFry/workspace/tiy-assignments/teachingtool/config/initializers/backtrace_silencers.rb": [
        null,
        null,
        null,
        null,
        null,
        null,
        null
      ],
      "/Users/CheeseFry/workspace/tiy-assignments/teachingtool/config/initializers/cookies_serializer.rb": [
        null,
        null,
        1
      ],
      "/Users/CheeseFry/workspace/tiy-assignments/teachingtool/config/initializers/filter_parameter_logging.rb": [
        null,
        null,
        null,
        1
      ],
      "/Users/CheeseFry/workspace/tiy-assignments/teachingtool/config/initializers/inflections.rb": [
        null,
        null,
        null,
        null,
        null,
        null,
        null,
        null,
        null,
        null,
        null,
        null,
        null,
        null,
        null,
        null
      ],
      "/Users/CheeseFry/workspace/tiy-assignments/teachingtool/config/initializers/mime_types.rb": [
        null,
        null,
        null,
        null
      ],
      "/Users/CheeseFry/workspace/tiy-assignments/teachingtool/config/initializers/session_store.rb": [
        null,
        null,
        1
      ],
      "/Users/CheeseFry/workspace/tiy-assignments/teachingtool/config/initializers/simple_form.rb": [
        null,
        1,
        null,
        null,
        null,
        null,
        null,
        1,
        null,
        null,
        null,
        null,
        null,
        null,
        null,
        null,
        null,
        1,
        null,
        null,
        null,
        1,
        null,
        null,
        null,
        null,
        null,
        null,
        null,
        null,
        1,
        null,
        null,
        1,
        null,
        null,
        1,
        null,
        null,
        1,
        null,
        null,
        1,
        1,
        1,
        null,
        null,
        null,
        null,
        null,
        null,
        null,
        null,
        null,
        1,
        null,
        null,
        null,
        null,
        null,
        1,
        null,
        null,
        1,
        null,
        null,
        null,
        null,
        null,
        null,
        null,
        1,
        null,
        null,
        1,
        null,
        null,
        null,
        null,
        null,
        null,
        null,
        null,
        null,
        null,
        null,
        null,
        null,
        null,
        null,
        null,
        null,
        null,
        null,
        null,
        null,
        null,
        null,
        null,
        null,
        null,
        null,
        null,
        null,
        null,
        null,
        null,
        null,
        null,
        null,
        null,
        null,
        null,
        null,
        null,
        null,
        null,
        null,
        null,
        null,
        1,
        null,
        null,
        null,
        null,
        null,
        null,
        null,
        null,
        null,
        null,
        null,
        null,
        null,
        null,
        null,
        null,
        null,
        null,
        null,
        null,
        null,
        null,
        null,
        null,
        null,
        null,
        null,
        null,
        null,
        null,
        null,
        null,
        null,
        null,
        null,
        null,
        1,
        null,
        null,
        null,
        null,
        null,
        null,
        null,
        null
      ],
      "/Users/CheeseFry/workspace/tiy-assignments/teachingtool/config/initializers/wrap_parameters.rb": [
        null,
        null,
        null,
        null,
        null,
        null,
        1,
        1,
        null,
        null,
        null,
        null,
        null,
        null
      ],
      "/Users/CheeseFry/workspace/tiy-assignments/teachingtool/config/routes.rb": [
        1,
        1,
        null,
        1,
        null,
        1,
        null,
        1,
        null
      ],
      "/Users/CheeseFry/workspace/tiy-assignments/teachingtool/app/helpers/application_helper.rb": [
        1,
        null
      ],
      "/Users/CheeseFry/workspace/tiy-assignments/teachingtool/app/helpers/lessons_helper.rb": [
        1,
        null
      ],
      "/Users/CheeseFry/workspace/tiy-assignments/teachingtool/app/models/book.rb": [
        1,
        1,
        null
      ],
      "/Users/CheeseFry/workspace/tiy-assignments/teachingtool/app/models/sentence.rb": [
        1,
        1,
        null
      ],
      "/Users/CheeseFry/workspace/tiy-assignments/teachingtool/app/models/vocabulary.rb": [
        1,
        1,
        null
      ],
      "/Users/CheeseFry/workspace/tiy-assignments/teachingtool/app/controllers/lessons_controller.rb": [
        1,
        1,
        null,
        1,
        0,
        null,
        null,
        1,
        null,
        null,
        1,
        null,
        null,
        1,
        0,
        0,
        null,
        null,
        1,
        1,
        null,
        null,
        1,
        1,
        1,
        1,
        null,
        0,
        null,
        null,
        1,
        null,
        1,
        1,
        null,
        null,
        null,
        null,
        null,
        1,
        1,
        null,
        null,
        null,
        null,
        1,
        0,
        null
      ],
      "/Users/CheeseFry/workspace/tiy-assignments/teachingtool/app/controllers/application_controller.rb": [
        1,
        null,
        null,
        1,
        null
      ],
      "/Users/CheeseFry/workspace/tiy-assignments/teachingtool/app/models/lesson.rb": [
        1,
        1,
        1,
        1,
        1,
        1,
        1,
        1,
        null,
        null
      ]
    },
    "timestamp": 1441308465
  }
}
